Thu 09 Mar 2023 04:12:11 PM UTC: 
 tests:  0|7
total_score: 0/70
dbb97be
Thu 09 Mar 2023 04:13:21 PM UTC: 
 exercises.c | 11 +++++++++--
 1 file changed, 9 insertions(+), 2 deletions(-)
 tests:  0|7
total_score: 0/70
cfbf436
Thu 09 Mar 2023 04:14:48 PM UTC: 
 exercises.c | 8 ++++----
 1 file changed, 4 insertions(+), 4 deletions(-)
 tests:  1|6
total_score: 10/70
508f7f3
Sat 11 Mar 2023 07:07:24 PM UTC: 
 exercises.c | 3 ++-
 1 file changed, 2 insertions(+), 1 deletion(-)
 tests:  1|6
total_score: 10/70
870997a
Sat 11 Mar 2023 07:10:25 PM UTC: 
 exercises.c | 12 +++++++++++-
 1 file changed, 11 insertions(+), 1 deletion(-)
In file included from test.c:5:
exercises.c: In function ‘arrayMaxMin’:
exercises.c:34:18: error: expected ‘,’ or ‘;’ before ‘:’ token
   34 |     for(int i = 0: i < n; i++)
      |                  ^
exercises.c:34:30: error: expected ‘;’ before ‘)’ token
   34 |     for(int i = 0: i < n; i++)
      |                              ^
      |                              ;
Compilation failed
2799d28
Sat 11 Mar 2023 07:10:32 PM UTC: 
 exercises.c | 2 +-
 1 file changed, 1 insertion(+), 1 deletion(-)
 tests:  1|6
total_score: 10/70
c46e6a2
Sat 11 Mar 2023 07:11:03 PM UTC: 
 exercises.c | 2 +-
 1 file changed, 1 insertion(+), 1 deletion(-)
 tests:  1|6
total_score: 10/70
85a0a8e
Sat 11 Mar 2023 07:11:15 PM UTC: 
 exercises.c | 2 +-
 1 file changed, 1 insertion(+), 1 deletion(-)
 tests:  1|6
total_score: 10/70
b68f4e3
Sat 11 Mar 2023 07:11:42 PM UTC: 
 exercises.c | 7 +------
 1 file changed, 1 insertion(+), 6 deletions(-)
test.c: In function ‘arrayMaxMin’:
test.c:251:5: error: ‘main’ is normally a non-static function [-Werror=main]
  251 | int main( int argc, char *argv[] ) {
      |     ^~~~
test.c:271:1: error: expected declaration or statement at end of input
  271 | }
      | ^
At top level:
test.c:251:5: error: ‘main’ defined but not used [-Werror=unused-function]
  251 | int main( int argc, char *argv[] ) {
      |     ^~~~
cc1: all warnings being treated as errors
Compilation failed
b928737
Sat 11 Mar 2023 07:11:49 PM UTC: 
 exercises.c | 1 +
 1 file changed, 1 insertion(+)
 tests:  1|6
total_score: 10/70
5556310
Sat 11 Mar 2023 07:12:44 PM UTC: 
 exercises.c | 7 +++++++
 1 file changed, 7 insertions(+)
 tests:  1|6
total_score: 10/70
dabbb2f
Sat 11 Mar 2023 07:13:23 PM UTC: 
 exercises.c | 2 +-
 1 file changed, 1 insertion(+), 1 deletion(-)
 tests:  1|6
total_score: 10/70
fb987c0
Sat 11 Mar 2023 07:14:09 PM UTC: 
 exercises.c | 2 +-
 1 file changed, 1 insertion(+), 1 deletion(-)
 tests:  1|6
total_score: 10/70
0f94aeb
Sat 11 Mar 2023 07:14:34 PM UTC: 
 exercises.c | 4 ++--
 1 file changed, 2 insertions(+), 2 deletions(-)
 tests:  1|6
total_score: 10/70
8f40918
Sat 11 Mar 2023 07:15:02 PM UTC: 
 exercises.c | 2 +-
 1 file changed, 1 insertion(+), 1 deletion(-)
 tests:  1|6
total_score: 10/70
29a1531
Sat 11 Mar 2023 07:15:17 PM UTC: 
 exercises.c | 2 +-
 1 file changed, 1 insertion(+), 1 deletion(-)
 tests:  1|6
total_score: 10/70
c18191a
Wed 15 Mar 2023 11:21:00 PM UTC: 
 exercises.c | 13 +++++++------
 1 file changed, 7 insertions(+), 6 deletions(-)
 tests:  1|6
total_score: 10/70
c7e1cbe
Wed 15 Mar 2023 11:21:11 PM UTC: 
 exercises.c | 2 +-
 1 file changed, 1 insertion(+), 1 deletion(-)
 tests:  1|6
total_score: 10/70
7103dc6
Wed 15 Mar 2023 11:22:35 PM UTC: 
 exercises.c | 2 +-
 1 file changed, 1 insertion(+), 1 deletion(-)
 tests:  1|6
total_score: 10/70
3dec472
Wed 15 Mar 2023 11:23:01 PM UTC: 
 exercises.c | 15 ++++++++-------
 1 file changed, 8 insertions(+), 7 deletions(-)
test.c: In function ‘arrayMaxMin’:
test.c:251:5: error: ‘main’ is normally a non-static function [-Werror=main]
  251 | int main( int argc, char *argv[] ) {
      |     ^~~~
test.c:271:1: error: expected declaration or statement at end of input
  271 | }
      | ^
At top level:
test.c:251:5: error: ‘main’ defined but not used [-Werror=unused-function]
  251 | int main( int argc, char *argv[] ) {
      |     ^~~~
cc1: all warnings being treated as errors
Compilation failed
d6ec1d9
Wed 15 Mar 2023 11:23:17 PM UTC: 
 exercises.c | 2 +-
 1 file changed, 1 insertion(+), 1 deletion(-)
 tests:  2|5
total_score: 20/70
0b9912a
Wed 15 Mar 2023 11:31:17 PM UTC: 
 exercises.c | 4 +++-
 1 file changed, 3 insertions(+), 1 deletion(-)
In file included from test.c:5:
exercises.c: In function ‘crearPersona’:
exercises.c:70:19: error: ‘p’ is a pointer; did you mean to use ‘->’?
   70 |     scanf("%c", &p.nombre);
      |                   ^
      |                   ->
exercises.c:71:18: error: ‘p’ is a pointer; did you mean to use ‘->’?
   71 |     scanf("%c",&p.rut);
      |                  ^
      |                  ->
exercises.c:72:18: error: ‘p’ is a pointer; did you mean to use ‘->’?
   72 |     scanf("%i",&p.edad);
      |                  ^
      |                  ->
Compilation failed
ee2c4aa
Wed 15 Mar 2023 11:31:33 PM UTC: 
 exercises.c | 6 +++---
 1 file changed, 3 insertions(+), 3 deletions(-)
In file included from test.c:5:
exercises.c: In function ‘crearPersona’:
exercises.c:70:13: error: format ‘%c’ expects argument of type ‘char *’, but argument 2 has type ‘char (*)[30]’ [-Werror=format=]
   70 |     scanf("%c", &p->nombre);
      |            ~^   ~~~~~~~~~~
      |             |   |
      |             |   char (*)[30]
      |             char *
exercises.c:71:13: error: format ‘%c’ expects argument of type ‘char *’, but argument 2 has type ‘char (*)[11]’ [-Werror=format=]
   71 |     scanf("%c",&p->rut);
      |            ~^  ~~~~~~~
      |             |  |
      |             |  char (*)[11]
      |             char *
exercises.c:70:5: error: ignoring return value of ‘scanf’ declared with attribute ‘warn_unused_result’ [-Werror=unused-result]
   70 |     scanf("%c", &p->nombre);
      |     ^~~~~~~~~~~~~~~~~~~~~~~
exercises.c:71:5: error: ignoring return value of ‘scanf’ declared with attribute ‘warn_unused_result’ [-Werror=unused-result]
   71 |     scanf("%c",&p->rut);
      |     ^~~~~~~~~~~~~~~~~~~
exercises.c:72:5: error: ignoring return value of ‘scanf’ declared with attribute ‘warn_unused_result’ [-Werror=unused-result]
   72 |     scanf("%i",&p->edad);
      |     ^~~~~~~~~~~~~~~~~~~~
cc1: all warnings being treated as errors
Compilation failed
13a3fc0
Wed 15 Mar 2023 11:31:55 PM UTC: 
 exercises.c | 4 ++--
 1 file changed, 2 insertions(+), 2 deletions(-)
In file included from test.c:5:
exercises.c: In function ‘crearPersona’:
exercises.c:70:13: error: format ‘%c’ expects argument of type ‘char *’, but argument 2 has type ‘char (*)[30]’ [-Werror=format=]
   70 |     scanf("%c[30]", &p->nombre);
      |            ~^       ~~~~~~~~~~
      |             |       |
      |             char *  char (*)[30]
exercises.c:71:13: error: format ‘%c’ expects argument of type ‘char *’, but argument 2 has type ‘char (*)[11]’ [-Werror=format=]
   71 |     scanf("%c[11]",&p->rut);
      |            ~^      ~~~~~~~
      |             |      |
      |             char * char (*)[11]
exercises.c:70:5: error: ignoring return value of ‘scanf’ declared with attribute ‘warn_unused_result’ [-Werror=unused-result]
   70 |     scanf("%c[30]", &p->nombre);
      |     ^~~~~~~~~~~~~~~~~~~~~~~~~~~
exercises.c:71:5: error: ignoring return value of ‘scanf’ declared with attribute ‘warn_unused_result’ [-Werror=unused-result]
   71 |     scanf("%c[11]",&p->rut);
      |     ^~~~~~~~~~~~~~~~~~~~~~~
exercises.c:72:5: error: ignoring return value of ‘scanf’ declared with attribute ‘warn_unused_result’ [-Werror=unused-result]
   72 |     scanf("%i",&p->edad);
      |     ^~~~~~~~~~~~~~~~~~~~
cc1: all warnings being treated as errors
Compilation failed
4da6b43
Wed 15 Mar 2023 11:32:12 PM UTC: 
 exercises.c | 4 ++--
 1 file changed, 2 insertions(+), 2 deletions(-)
In file included from test.c:5:
exercises.c: In function ‘crearPersona’:
exercises.c:70:13: error: format ‘%s’ expects argument of type ‘char *’, but argument 2 has type ‘char (*)[30]’ [-Werror=format=]
   70 |     scanf("%s[30]", &p->nombre);
      |            ~^       ~~~~~~~~~~
      |             |       |
      |             char *  char (*)[30]
exercises.c:71:13: error: format ‘%s’ expects argument of type ‘char *’, but argument 2 has type ‘char (*)[11]’ [-Werror=format=]
   71 |     scanf("%s[11]",&p->rut);
      |            ~^      ~~~~~~~
      |             |      |
      |             char * char (*)[11]
exercises.c:70:5: error: ignoring return value of ‘scanf’ declared with attribute ‘warn_unused_result’ [-Werror=unused-result]
   70 |     scanf("%s[30]", &p->nombre);
      |     ^~~~~~~~~~~~~~~~~~~~~~~~~~~
exercises.c:71:5: error: ignoring return value of ‘scanf’ declared with attribute ‘warn_unused_result’ [-Werror=unused-result]
   71 |     scanf("%s[11]",&p->rut);
      |     ^~~~~~~~~~~~~~~~~~~~~~~
exercises.c:72:5: error: ignoring return value of ‘scanf’ declared with attribute ‘warn_unused_result’ [-Werror=unused-result]
   72 |     scanf("%i",&p->edad);
      |     ^~~~~~~~~~~~~~~~~~~~
cc1: all warnings being treated as errors
Compilation failed
9cebb35
Wed 15 Mar 2023 11:35:02 PM UTC: 
 exercises.c | 8 +++-----
 1 file changed, 3 insertions(+), 5 deletions(-)
In file included from test.c:5:
exercises.c: In function ‘arrayMaxMin’:
exercises.c:34:14: error: expected ‘;’ before ‘for’
   34 |     *min=a[0]
      |              ^
      |              ;
   35 |     for(int i = 0; i < n; i++)
      |     ~~~       
Compilation failed
22729b3
Wed 15 Mar 2023 11:35:08 PM UTC: 
 exercises.c | 2 +-
 1 file changed, 1 insertion(+), 1 deletion(-)
 tests:  2|5
total_score: 20/70
cc4bf43
Wed 15 Mar 2023 11:35:39 PM UTC: 
 exercises.c | 3 ++-
 1 file changed, 2 insertions(+), 1 deletion(-)
 tests:  2|5
total_score: 20/70
2548b40
Wed 15 Mar 2023 11:37:55 PM UTC: 
 exercises.c | 4 +++-
 1 file changed, 3 insertions(+), 1 deletion(-)
In file included from test.c:5:
exercises.c: In function ‘crearPersona’:
exercises.c:71:6: error: ‘p’ is a pointer; did you mean to use ‘->’?
   71 |     p.nombre=scanf("%c[30]", &Persona.nombre);
      |      ^
      |      ->
exercises.c:71:31: error: expected expression before ‘Persona’
   71 |     p.nombre=scanf("%c[30]", &Persona.nombre);
      |                               ^~~~~~~
exercises.c:72:6: error: ‘p’ is a pointer; did you mean to use ‘->’?
   72 |     p.rut=scanf("%c[11]",&Persona.rut);
      |      ^
      |      ->
exercises.c:72:27: error: expected expression before ‘Persona’
   72 |     p.rut=scanf("%c[11]",&Persona.rut);
      |                           ^~~~~~~
exercises.c:73:6: error: ‘p’ is a pointer; did you mean to use ‘->’?
   73 |     p.edad=scanf("%i",&Persona.edad);
      |      ^
      |      ->
exercises.c:73:24: error: expected expression before ‘Persona’
   73 |     p.edad=scanf("%i",&Persona.edad);
      |                        ^~~~~~~
Compilation failed
3f11f26
Wed 15 Mar 2023 11:38:10 PM UTC: 
 exercises.c | 6 +++---
 1 file changed, 3 insertions(+), 3 deletions(-)
In file included from test.c:5:
exercises.c: In function ‘crearPersona’:
exercises.c:71:32: error: expected expression before ‘Persona’
   71 |     p->nombre=scanf("%c[30]", &Persona.nombre);
      |                                ^~~~~~~
exercises.c:72:28: error: expected expression before ‘Persona’
   72 |     p->rut=scanf("%c[11]",&Persona.rut);
      |                            ^~~~~~~
exercises.c:73:25: error: expected expression before ‘Persona’
   73 |     p->edad=scanf("%i",&Persona.edad);
      |                         ^~~~~~~
Compilation failed
94f3187
Wed 15 Mar 2023 11:38:53 PM UTC: 
 exercises.c | 2 +-
 1 file changed, 1 insertion(+), 1 deletion(-)
In file included from test.c:5:
exercises.c: In function ‘crearPersona’:
exercises.c:71:31: error: expected expression before ‘Persona’
   71 |     p->nombre=scanf("%c[30]", Persona.nombre);
      |                               ^~~~~~~
exercises.c:72:28: error: expected expression before ‘Persona’
   72 |     p->rut=scanf("%c[11]",&Persona.rut);
      |                            ^~~~~~~
exercises.c:73:25: error: expected expression before ‘Persona’
   73 |     p->edad=scanf("%i",&Persona.edad);
      |                         ^~~~~~~
Compilation failed
5a0cdf4
Wed 15 Mar 2023 11:39:33 PM UTC: 
 exercises.c | 2 +-
 1 file changed, 1 insertion(+), 1 deletion(-)
In file included from test.c:5:
exercises.c: In function ‘crearPersona’:
exercises.c:71:13: error: format ‘%c’ expects argument of type ‘char *’, but argument 2 has type ‘char (*)[30]’ [-Werror=format=]
   71 |     scanf("%c[30]", &p->nombre);
      |            ~^       ~~~~~~~~~~
      |             |       |
      |             char *  char (*)[30]
exercises.c:72:28: error: expected expression before ‘Persona’
   72 |     p->rut=scanf("%c[11]",&Persona.rut);
      |                            ^~~~~~~
exercises.c:73:25: error: expected expression before ‘Persona’
   73 |     p->edad=scanf("%i",&Persona.edad);
      |                         ^~~~~~~
exercises.c:71:5: error: ignoring return value of ‘scanf’ declared with attribute ‘warn_unused_result’ [-Werror=unused-result]
   71 |     scanf("%c[30]", &p->nombre);
      |     ^~~~~~~~~~~~~~~~~~~~~~~~~~~
cc1: all warnings being treated as errors
Compilation failed
47f2be6
Wed 15 Mar 2023 11:40:12 PM UTC: 
 exercises.c | 2 +-
 1 file changed, 1 insertion(+), 1 deletion(-)
In file included from test.c:5:
exercises.c: In function ‘crearPersona’:
exercises.c:71:13: error: format ‘%c’ expects argument of type ‘char *’, but argument 2 has type ‘char (*)[30]’ [-Werror=format=]
   71 |     scanf("%c", &p->nombre);
      |            ~^   ~~~~~~~~~~
      |             |   |
      |             |   char (*)[30]
      |             char *
exercises.c:72:28: error: expected expression before ‘Persona’
   72 |     p->rut=scanf("%c[11]",&Persona.rut);
      |                            ^~~~~~~
exercises.c:73:25: error: expected expression before ‘Persona’
   73 |     p->edad=scanf("%i",&Persona.edad);
      |                         ^~~~~~~
exercises.c:71:5: error: ignoring return value of ‘scanf’ declared with attribute ‘warn_unused_result’ [-Werror=unused-result]
   71 |     scanf("%c", &p->nombre);
      |     ^~~~~~~~~~~~~~~~~~~~~~~
cc1: all warnings being treated as errors
Compilation failed
33bad28
Wed 15 Mar 2023 11:40:36 PM UTC: 
 exercises.c | 2 +-
 1 file changed, 1 insertion(+), 1 deletion(-)
In file included from test.c:5:
exercises.c: In function ‘crearPersona’:
exercises.c:71:15: error: passing argument 1 of ‘scanf’ makes pointer from integer without a cast [-Werror=int-conversion]
   71 |     scanf("%c"[30], &p->nombre);
      |           ~~~~^~~~
      |               |
      |               char
In file included from test.c:1:
/nix/store/iwd8ic5hhwdxn5dga0im55g5hjl270cd-glibc-2.33-47-dev/include/stdio.h:397:42: note: expected ‘const char * restrict’ but argument is of type ‘char’
  397 | extern int scanf (const char *__restrict __format, ...) __wur;
      |                   ~~~~~~~~~~~~~~~~~~~~~~~^~~~~~~~
In file included from test.c:5:
exercises.c:72:28: error: expected expression before ‘Persona’
   72 |     p->rut=scanf("%c[11]",&Persona.rut);
      |                            ^~~~~~~
exercises.c:73:25: error: expected expression before ‘Persona’
   73 |     p->edad=scanf("%i",&Persona.edad);
      |                         ^~~~~~~
exercises.c:71:5: error: ignoring return value of ‘scanf’ declared with attribute ‘warn_unused_result’ [-Werror=unused-result]
   71 |     scanf("%c"[30], &p->nombre);
      |     ^~~~~~~~~~~~~~~~~~~~~~~~~~~
cc1: all warnings being treated as errors
Compilation failed
5f18e81
Wed 15 Mar 2023 11:40:56 PM UTC: 
 exercises.c | 2 +-
 1 file changed, 1 insertion(+), 1 deletion(-)
In file included from test.c:5:
exercises.c: In function ‘crearPersona’:
exercises.c:71:13: error: format ‘%c’ expects argument of type ‘char *’, but argument 2 has type ‘char (*)[30]’ [-Werror=format=]
   71 |     scanf("%c[30]", &p->nombre);
      |            ~^       ~~~~~~~~~~
      |             |       |
      |             char *  char (*)[30]
exercises.c:72:28: error: expected expression before ‘Persona’
   72 |     p->rut=scanf("%c[11]",&Persona.rut);
      |                            ^~~~~~~
exercises.c:73:25: error: expected expression before ‘Persona’
   73 |     p->edad=scanf("%i",&Persona.edad);
      |                         ^~~~~~~
exercises.c:71:5: error: ignoring return value of ‘scanf’ declared with attribute ‘warn_unused_result’ [-Werror=unused-result]
   71 |     scanf("%c[30]", &p->nombre);
      |     ^~~~~~~~~~~~~~~~~~~~~~~~~~~
cc1: all warnings being treated as errors
Compilation failed
576c237
Wed 15 Mar 2023 11:41:04 PM UTC: 
 exercises.c | 2 +-
 1 file changed, 1 insertion(+), 1 deletion(-)
In file included from test.c:5:
exercises.c: In function ‘crearPersona’:
exercises.c:71:11: error: too many arguments for format [-Werror=format-extra-args]
   71 |     scanf("*c[30]", &p->nombre);
      |           ^~~~~~~~
exercises.c:72:28: error: expected expression before ‘Persona’
   72 |     p->rut=scanf("%c[11]",&Persona.rut);
      |                            ^~~~~~~
exercises.c:73:25: error: expected expression before ‘Persona’
   73 |     p->edad=scanf("%i",&Persona.edad);
      |                         ^~~~~~~
exercises.c:71:5: error: ignoring return value of ‘scanf’ declared with attribute ‘warn_unused_result’ [-Werror=unused-result]
   71 |     scanf("*c[30]", &p->nombre);
      |     ^~~~~~~~~~~~~~~~~~~~~~~~~~~
cc1: all warnings being treated as errors
Compilation failed
b0d0aaf
Wed 15 Mar 2023 11:41:19 PM UTC: 
 exercises.c | 2 +-
 1 file changed, 1 insertion(+), 1 deletion(-)
In file included from test.c:5:
exercises.c: In function ‘crearPersona’:
exercises.c:71:13: error: format ‘%c’ expects argument of type ‘char *’, but argument 2 has type ‘char (*)[30]’ [-Werror=format=]
   71 |     scanf("%c[30]", &p->nombre);
      |            ~^       ~~~~~~~~~~
      |             |       |
      |             char *  char (*)[30]
exercises.c:72:28: error: expected expression before ‘Persona’
   72 |     p->rut=scanf("%c[11]",&Persona.rut);
      |                            ^~~~~~~
exercises.c:73:25: error: expected expression before ‘Persona’
   73 |     p->edad=scanf("%i",&Persona.edad);
      |                         ^~~~~~~
exercises.c:71:5: error: ignoring return value of ‘scanf’ declared with attribute ‘warn_unused_result’ [-Werror=unused-result]
   71 |     scanf("%c[30]", &p->nombre);
      |     ^~~~~~~~~~~~~~~~~~~~~~~~~~~
cc1: all warnings being treated as errors
Compilation failed
547b1bc
Wed 15 Mar 2023 11:41:53 PM UTC: 
 exercises.c | 2 +-
 1 file changed, 1 insertion(+), 1 deletion(-)
In file included from test.c:5:
exercises.c: In function ‘crearPersona’:
exercises.c:71:13: error: format ‘%s’ expects argument of type ‘char *’, but argument 2 has type ‘char (*)[30]’ [-Werror=format=]
   71 |     scanf("%s[30]", &p->nombre);
      |            ~^       ~~~~~~~~~~
      |             |       |
      |             char *  char (*)[30]
exercises.c:72:28: error: expected expression before ‘Persona’
   72 |     p->rut=scanf("%c[11]",&Persona.rut);
      |                            ^~~~~~~
exercises.c:73:25: error: expected expression before ‘Persona’
   73 |     p->edad=scanf("%i",&Persona.edad);
      |                         ^~~~~~~
exercises.c:71:5: error: ignoring return value of ‘scanf’ declared with attribute ‘warn_unused_result’ [-Werror=unused-result]
   71 |     scanf("%s[30]", &p->nombre);
      |     ^~~~~~~~~~~~~~~~~~~~~~~~~~~
cc1: all warnings being treated as errors
Compilation failed
4f1d4d5
Wed 15 Mar 2023 11:42:06 PM UTC: 
 exercises.c | 4 ++--
 1 file changed, 2 insertions(+), 2 deletions(-)
In file included from test.c:5:
exercises.c: In function ‘crearPersona’:
exercises.c:71:13: error: format ‘%s’ expects argument of type ‘char *’, but argument 2 has type ‘char * (*)[30]’ [-Werror=format=]
   71 |     scanf("%s[30]", &p->nombre);
      |            ~^       ~~~~~~~~~~
      |             |       |
      |             char *  char * (*)[30]
exercises.c:72:28: error: expected expression before ‘Persona’
   72 |     p->rut=scanf("%c[11]",&Persona.rut);
      |                            ^~~~~~~
exercises.c:73:25: error: expected expression before ‘Persona’
   73 |     p->edad=scanf("%i",&Persona.edad);
      |                         ^~~~~~~
test.c: In function ‘test_creaP’:
test.c:120:16: error: passing argument 1 of ‘strcmp’ from incompatible pointer type [-Werror=incompatible-pointer-types]
  120 |     if(strcmp(p->nombre,nombre)!=0){
      |               ~^~~~~~~~
      |                |
      |                char **
In file included from test.c:3:
/nix/store/iwd8ic5hhwdxn5dga0im55g5hjl270cd-glibc-2.33-47-dev/include/string.h:140:32: note: expected ‘const char *’ but argument is of type ‘char **’
  140 | extern int strcmp (const char *__s1, const char *__s2)
      |                    ~~~~~~~~~~~~^~~~
test.c:121:33: error: format ‘%s’ expects argument of type ‘char *’, but argument 3 has type ‘char **’ [-Werror=format=]
  121 |         sprintf(msg,"p->nombre=%s",p->nombre);
      |                                ~^  ~~~~~~~~~
      |                                 |   |
      |                                 |   char **
      |                                 char *
In file included from test.c:5:
exercises.c: In function ‘crearPersona’:
exercises.c:71:5: error: ignoring return value of ‘scanf’ declared with attribute ‘warn_unused_result’ [-Werror=unused-result]
   71 |     scanf("%s[30]", &p->nombre);
      |     ^~~~~~~~~~~~~~~~~~~~~~~~~~~
cc1: all warnings being treated as errors
Compilation failed
6ae3e36
Wed 15 Mar 2023 11:42:18 PM UTC: 
 exercises.c | 2 +-
 1 file changed, 1 insertion(+), 1 deletion(-)
In file included from test.c:5:
exercises.c: In function ‘crearPersona’:
exercises.c:71:13: error: format ‘%c’ expects argument of type ‘char *’, but argument 2 has type ‘char * (*)[30]’ [-Werror=format=]
   71 |     scanf("%c", &p->nombre);
      |            ~^   ~~~~~~~~~~
      |             |   |
      |             |   char * (*)[30]
      |             char *
exercises.c:72:28: error: expected expression before ‘Persona’
   72 |     p->rut=scanf("%c[11]",&Persona.rut);
      |                            ^~~~~~~
exercises.c:73:25: error: expected expression before ‘Persona’
   73 |     p->edad=scanf("%i",&Persona.edad);
      |                         ^~~~~~~
test.c: In function ‘test_creaP’:
test.c:120:16: error: passing argument 1 of ‘strcmp’ from incompatible pointer type [-Werror=incompatible-pointer-types]
  120 |     if(strcmp(p->nombre,nombre)!=0){
      |               ~^~~~~~~~
      |                |
      |                char **
In file included from test.c:3:
/nix/store/iwd8ic5hhwdxn5dga0im55g5hjl270cd-glibc-2.33-47-dev/include/string.h:140:32: note: expected ‘const char *’ but argument is of type ‘char **’
  140 | extern int strcmp (const char *__s1, const char *__s2)
      |                    ~~~~~~~~~~~~^~~~
test.c:121:33: error: format ‘%s’ expects argument of type ‘char *’, but argument 3 has type ‘char **’ [-Werror=format=]
  121 |         sprintf(msg,"p->nombre=%s",p->nombre);
      |                                ~^  ~~~~~~~~~
      |                                 |   |
      |                                 |   char **
      |                                 char *
In file included from test.c:5:
exercises.c: In function ‘crearPersona’:
exercises.c:71:5: error: ignoring return value of ‘scanf’ declared with attribute ‘warn_unused_result’ [-Werror=unused-result]
   71 |     scanf("%c", &p->nombre);
      |     ^~~~~~~~~~~~~~~~~~~~~~~
cc1: all warnings being treated as errors
Compilation failed
378df5e
Wed 15 Mar 2023 11:42:53 PM UTC: 
 exercises.c | 2 +-
 1 file changed, 1 insertion(+), 1 deletion(-)
In file included from test.c:5:
exercises.c: In function ‘crearPersona’:
exercises.c:71:15: error: passing argument 1 of ‘scanf’ makes pointer from integer without a cast [-Werror=int-conversion]
   71 |     scanf("%s"[30], &p->nombre);
      |           ~~~~^~~~
      |               |
      |               char
In file included from test.c:1:
/nix/store/iwd8ic5hhwdxn5dga0im55g5hjl270cd-glibc-2.33-47-dev/include/stdio.h:397:42: note: expected ‘const char * restrict’ but argument is of type ‘char’
  397 | extern int scanf (const char *__restrict __format, ...) __wur;
      |                   ~~~~~~~~~~~~~~~~~~~~~~~^~~~~~~~
In file included from test.c:5:
exercises.c:72:28: error: expected expression before ‘Persona’
   72 |     p->rut=scanf("%c[11]",&Persona.rut);
      |                            ^~~~~~~
exercises.c:73:25: error: expected expression before ‘Persona’
   73 |     p->edad=scanf("%i",&Persona.edad);
      |                         ^~~~~~~
test.c: In function ‘test_creaP’:
test.c:120:16: error: passing argument 1 of ‘strcmp’ from incompatible pointer type [-Werror=incompatible-pointer-types]
  120 |     if(strcmp(p->nombre,nombre)!=0){
      |               ~^~~~~~~~
      |                |
      |                char **
In file included from test.c:3:
/nix/store/iwd8ic5hhwdxn5dga0im55g5hjl270cd-glibc-2.33-47-dev/include/string.h:140:32: note: expected ‘const char *’ but argument is of type ‘char **’
  140 | extern int strcmp (const char *__s1, const char *__s2)
      |                    ~~~~~~~~~~~~^~~~
test.c:121:33: error: format ‘%s’ expects argument of type ‘char *’, but argument 3 has type ‘char **’ [-Werror=format=]
  121 |         sprintf(msg,"p->nombre=%s",p->nombre);
      |                                ~^  ~~~~~~~~~
      |                                 |   |
      |                                 |   char **
      |                                 char *
In file included from test.c:5:
exercises.c: In function ‘crearPersona’:
exercises.c:71:5: error: ignoring return value of ‘scanf’ declared with attribute ‘warn_unused_result’ [-Werror=unused-result]
   71 |     scanf("%s"[30], &p->nombre);
      |     ^~~~~~~~~~~~~~~~~~~~~~~~~~~
cc1: all warnings being treated as errors
Compilation failed
68e8b25
Wed 15 Mar 2023 11:43:04 PM UTC: 
 exercises.c | 2 +-
 1 file changed, 1 insertion(+), 1 deletion(-)
In file included from test.c:5:
exercises.c: In function ‘crearPersona’:
exercises.c:71:13: error: format ‘%s’ expects argument of type ‘char *’, but argument 2 has type ‘char * (*)[30]’ [-Werror=format=]
   71 |     scanf("%s[30]", &p->nombre);
      |            ~^       ~~~~~~~~~~
      |             |       |
      |             char *  char * (*)[30]
exercises.c:72:28: error: expected expression before ‘Persona’
   72 |     p->rut=scanf("%c[11]",&Persona.rut);
      |                            ^~~~~~~
exercises.c:73:25: error: expected expression before ‘Persona’
   73 |     p->edad=scanf("%i",&Persona.edad);
      |                         ^~~~~~~
test.c: In function ‘test_creaP’:
test.c:120:16: error: passing argument 1 of ‘strcmp’ from incompatible pointer type [-Werror=incompatible-pointer-types]
  120 |     if(strcmp(p->nombre,nombre)!=0){
      |               ~^~~~~~~~
      |                |
      |                char **
In file included from test.c:3:
/nix/store/iwd8ic5hhwdxn5dga0im55g5hjl270cd-glibc-2.33-47-dev/include/string.h:140:32: note: expected ‘const char *’ but argument is of type ‘char **’
  140 | extern int strcmp (const char *__s1, const char *__s2)
      |                    ~~~~~~~~~~~~^~~~
test.c:121:33: error: format ‘%s’ expects argument of type ‘char *’, but argument 3 has type ‘char **’ [-Werror=format=]
  121 |         sprintf(msg,"p->nombre=%s",p->nombre);
      |                                ~^  ~~~~~~~~~
      |                                 |   |
      |                                 |   char **
      |                                 char *
In file included from test.c:5:
exercises.c: In function ‘crearPersona’:
exercises.c:71:5: error: ignoring return value of ‘scanf’ declared with attribute ‘warn_unused_result’ [-Werror=unused-result]
   71 |     scanf("%s[30]", &p->nombre);
      |     ^~~~~~~~~~~~~~~~~~~~~~~~~~~
cc1: all warnings being treated as errors
Compilation failed
cb5654c
Wed 15 Mar 2023 11:43:40 PM UTC: 
 exercises.c | 2 +-
 1 file changed, 1 insertion(+), 1 deletion(-)
In file included from test.c:5:
exercises.c: In function ‘crearPersona’:
exercises.c:71:13: error: format ‘%c’ expects argument of type ‘char *’, but argument 2 has type ‘char * (*)[30]’ [-Werror=format=]
   71 |     scanf("%c[30]", &p->nombre);
      |            ~^       ~~~~~~~~~~
      |             |       |
      |             char *  char * (*)[30]
exercises.c:72:28: error: expected expression before ‘Persona’
   72 |     p->rut=scanf("%c[11]",&Persona.rut);
      |                            ^~~~~~~
exercises.c:73:25: error: expected expression before ‘Persona’
   73 |     p->edad=scanf("%i",&Persona.edad);
      |                         ^~~~~~~
test.c: In function ‘test_creaP’:
test.c:120:16: error: passing argument 1 of ‘strcmp’ from incompatible pointer type [-Werror=incompatible-pointer-types]
  120 |     if(strcmp(p->nombre,nombre)!=0){
      |               ~^~~~~~~~
      |                |
      |                char **
In file included from test.c:3:
/nix/store/iwd8ic5hhwdxn5dga0im55g5hjl270cd-glibc-2.33-47-dev/include/string.h:140:32: note: expected ‘const char *’ but argument is of type ‘char **’
  140 | extern int strcmp (const char *__s1, const char *__s2)
      |                    ~~~~~~~~~~~~^~~~
test.c:121:33: error: format ‘%s’ expects argument of type ‘char *’, but argument 3 has type ‘char **’ [-Werror=format=]
  121 |         sprintf(msg,"p->nombre=%s",p->nombre);
      |                                ~^  ~~~~~~~~~
      |                                 |   |
      |                                 |   char **
      |                                 char *
In file included from test.c:5:
exercises.c: In function ‘crearPersona’:
exercises.c:71:5: error: ignoring return value of ‘scanf’ declared with attribute ‘warn_unused_result’ [-Werror=unused-result]
   71 |     scanf("%c[30]", &p->nombre);
      |     ^~~~~~~~~~~~~~~~~~~~~~~~~~~
cc1: all warnings being treated as errors
Compilation failed
1671470
Wed 15 Mar 2023 11:43:48 PM UTC: 
 exercises.c | 2 +-
 1 file changed, 1 insertion(+), 1 deletion(-)
In file included from test.c:5:
exercises.c: In function ‘crearPersona’:
exercises.c:71:13: error: format ‘%s’ expects argument of type ‘char *’, but argument 2 has type ‘char * (*)[30]’ [-Werror=format=]
   71 |     scanf("%s[30]", &p->nombre);
      |            ~^       ~~~~~~~~~~
      |             |       |
      |             char *  char * (*)[30]
exercises.c:72:28: error: expected expression before ‘Persona’
   72 |     p->rut=scanf("%c[11]",&Persona.rut);
      |                            ^~~~~~~
exercises.c:73:25: error: expected expression before ‘Persona’
   73 |     p->edad=scanf("%i",&Persona.edad);
      |                         ^~~~~~~
test.c: In function ‘test_creaP’:
test.c:120:16: error: passing argument 1 of ‘strcmp’ from incompatible pointer type [-Werror=incompatible-pointer-types]
  120 |     if(strcmp(p->nombre,nombre)!=0){
      |               ~^~~~~~~~
      |                |
      |                char **
In file included from test.c:3:
/nix/store/iwd8ic5hhwdxn5dga0im55g5hjl270cd-glibc-2.33-47-dev/include/string.h:140:32: note: expected ‘const char *’ but argument is of type ‘char **’
  140 | extern int strcmp (const char *__s1, const char *__s2)
      |                    ~~~~~~~~~~~~^~~~
test.c:121:33: error: format ‘%s’ expects argument of type ‘char *’, but argument 3 has type ‘char **’ [-Werror=format=]
  121 |         sprintf(msg,"p->nombre=%s",p->nombre);
      |                                ~^  ~~~~~~~~~
      |                                 |   |
      |                                 |   char **
      |                                 char *
In file included from test.c:5:
exercises.c: In function ‘crearPersona’:
exercises.c:71:5: error: ignoring return value of ‘scanf’ declared with attribute ‘warn_unused_result’ [-Werror=unused-result]
   71 |     scanf("%s[30]", &p->nombre);
      |     ^~~~~~~~~~~~~~~~~~~~~~~~~~~
cc1: all warnings being treated as errors
Compilation failed
1474baa
Wed 15 Mar 2023 11:45:12 PM UTC: 
 exercises.c | 2 +-
 1 file changed, 1 insertion(+), 1 deletion(-)
In file included from test.c:5:
exercises.c: In function ‘crearPersona’:
exercises.c:71:15: error: format ‘%s’ expects argument of type ‘char *’, but argument 2 has type ‘char * (*)[30]’ [-Werror=format=]
   71 |     scanf("%30s", &p->nombre);
      |            ~~~^   ~~~~~~~~~~
      |               |   |
      |               |   char * (*)[30]
      |               char *
exercises.c:72:28: error: expected expression before ‘Persona’
   72 |     p->rut=scanf("%c[11]",&Persona.rut);
      |                            ^~~~~~~
exercises.c:73:25: error: expected expression before ‘Persona’
   73 |     p->edad=scanf("%i",&Persona.edad);
      |                         ^~~~~~~
test.c: In function ‘test_creaP’:
test.c:120:16: error: passing argument 1 of ‘strcmp’ from incompatible pointer type [-Werror=incompatible-pointer-types]
  120 |     if(strcmp(p->nombre,nombre)!=0){
      |               ~^~~~~~~~
      |                |
      |                char **
In file included from test.c:3:
/nix/store/iwd8ic5hhwdxn5dga0im55g5hjl270cd-glibc-2.33-47-dev/include/string.h:140:32: note: expected ‘const char *’ but argument is of type ‘char **’
  140 | extern int strcmp (const char *__s1, const char *__s2)
      |                    ~~~~~~~~~~~~^~~~
test.c:121:33: error: format ‘%s’ expects argument of type ‘char *’, but argument 3 has type ‘char **’ [-Werror=format=]
  121 |         sprintf(msg,"p->nombre=%s",p->nombre);
      |                                ~^  ~~~~~~~~~
      |                                 |   |
      |                                 |   char **
      |                                 char *
In file included from test.c:5:
exercises.c: In function ‘crearPersona’:
exercises.c:71:5: error: ignoring return value of ‘scanf’ declared with attribute ‘warn_unused_result’ [-Werror=unused-result]
   71 |     scanf("%30s", &p->nombre);
      |     ^~~~~~~~~~~~~~~~~~~~~~~~~
cc1: all warnings being treated as errors
Compilation failed
3206085
Wed 15 Mar 2023 11:45:19 PM UTC: 
 exercises.c | 2 +-
 1 file changed, 1 insertion(+), 1 deletion(-)
In file included from test.c:5:
exercises.c: In function ‘crearPersona’:
exercises.c:71:15: error: format ‘%c’ expects argument of type ‘char *’, but argument 2 has type ‘char * (*)[30]’ [-Werror=format=]
   71 |     scanf("%30c", &p->nombre);
      |            ~~~^   ~~~~~~~~~~
      |               |   |
      |               |   char * (*)[30]
      |               char *
exercises.c:72:28: error: expected expression before ‘Persona’
   72 |     p->rut=scanf("%c[11]",&Persona.rut);
      |                            ^~~~~~~
exercises.c:73:25: error: expected expression before ‘Persona’
   73 |     p->edad=scanf("%i",&Persona.edad);
      |                         ^~~~~~~
test.c: In function ‘test_creaP’:
test.c:120:16: error: passing argument 1 of ‘strcmp’ from incompatible pointer type [-Werror=incompatible-pointer-types]
  120 |     if(strcmp(p->nombre,nombre)!=0){
      |               ~^~~~~~~~
      |                |
      |                char **
In file included from test.c:3:
/nix/store/iwd8ic5hhwdxn5dga0im55g5hjl270cd-glibc-2.33-47-dev/include/string.h:140:32: note: expected ‘const char *’ but argument is of type ‘char **’
  140 | extern int strcmp (const char *__s1, const char *__s2)
      |                    ~~~~~~~~~~~~^~~~
test.c:121:33: error: format ‘%s’ expects argument of type ‘char *’, but argument 3 has type ‘char **’ [-Werror=format=]
  121 |         sprintf(msg,"p->nombre=%s",p->nombre);
      |                                ~^  ~~~~~~~~~
      |                                 |   |
      |                                 |   char **
      |                                 char *
In file included from test.c:5:
exercises.c: In function ‘crearPersona’:
exercises.c:71:5: error: ignoring return value of ‘scanf’ declared with attribute ‘warn_unused_result’ [-Werror=unused-result]
   71 |     scanf("%30c", &p->nombre);
      |     ^~~~~~~~~~~~~~~~~~~~~~~~~
cc1: all warnings being treated as errors
Compilation failed
b9c3c0b
Wed 15 Mar 2023 11:46:11 PM UTC: 
 exercises.c | 2 +-
 1 file changed, 1 insertion(+), 1 deletion(-)
In file included from test.c:5:
exercises.c: In function ‘crearPersona’:
exercises.c:71:15: error: format ‘%s’ expects argument of type ‘char *’, but argument 2 has type ‘char * (*)[30]’ [-Werror=format=]
   71 |     scanf("%30s", &p->nombre);
      |            ~~~^   ~~~~~~~~~~
      |               |   |
      |               |   char * (*)[30]
      |               char *
exercises.c:72:28: error: expected expression before ‘Persona’
   72 |     p->rut=scanf("%c[11]",&Persona.rut);
      |                            ^~~~~~~
exercises.c:73:25: error: expected expression before ‘Persona’
   73 |     p->edad=scanf("%i",&Persona.edad);
      |                         ^~~~~~~
test.c: In function ‘test_creaP’:
test.c:120:16: error: passing argument 1 of ‘strcmp’ from incompatible pointer type [-Werror=incompatible-pointer-types]
  120 |     if(strcmp(p->nombre,nombre)!=0){
      |               ~^~~~~~~~
      |                |
      |                char **
In file included from test.c:3:
/nix/store/iwd8ic5hhwdxn5dga0im55g5hjl270cd-glibc-2.33-47-dev/include/string.h:140:32: note: expected ‘const char *’ but argument is of type ‘char **’
  140 | extern int strcmp (const char *__s1, const char *__s2)
      |                    ~~~~~~~~~~~~^~~~
test.c:121:33: error: format ‘%s’ expects argument of type ‘char *’, but argument 3 has type ‘char **’ [-Werror=format=]
  121 |         sprintf(msg,"p->nombre=%s",p->nombre);
      |                                ~^  ~~~~~~~~~
      |                                 |   |
      |                                 |   char **
      |                                 char *
In file included from test.c:5:
exercises.c: In function ‘crearPersona’:
exercises.c:71:5: error: ignoring return value of ‘scanf’ declared with attribute ‘warn_unused_result’ [-Werror=unused-result]
   71 |     scanf("%30s", &p->nombre);
      |     ^~~~~~~~~~~~~~~~~~~~~~~~~
cc1: all warnings being treated as errors
Compilation failed
67ec84a
Wed 15 Mar 2023 11:46:47 PM UTC: 
 exercises.c | 3 ++-
 1 file changed, 2 insertions(+), 1 deletion(-)
test.c: In function ‘test_creaP’:
test.c:120:16: error: passing argument 1 of ‘strcmp’ from incompatible pointer type [-Werror=incompatible-pointer-types]
  120 |     if(strcmp(p->nombre,nombre)!=0){
      |               ~^~~~~~~~
      |                |
      |                char **
In file included from test.c:3:
/nix/store/iwd8ic5hhwdxn5dga0im55g5hjl270cd-glibc-2.33-47-dev/include/string.h:140:32: note: expected ‘const char *’ but argument is of type ‘char **’
  140 | extern int strcmp (const char *__s1, const char *__s2)
      |                    ~~~~~~~~~~~~^~~~
test.c:121:33: error: format ‘%s’ expects argument of type ‘char *’, but argument 3 has type ‘char **’ [-Werror=format=]
  121 |         sprintf(msg,"p->nombre=%s",p->nombre);
      |                                ~^  ~~~~~~~~~
      |                                 |   |
      |                                 |   char **
      |                                 char *
cc1: all warnings being treated as errors
Compilation failed
fa6a441
Wed 15 Mar 2023 11:47:09 PM UTC: 
 exercises.c | 4 ++--
 1 file changed, 2 insertions(+), 2 deletions(-)
 tests:  2|5
total_score: 20/70
786bc81
Wed 15 Mar 2023 11:47:27 PM UTC: 
 exercises.c | 6 +++---
 1 file changed, 3 insertions(+), 3 deletions(-)
In file included from test.c:5:
exercises.c: In function ‘crearPersona’:
exercises.c:72:15: error: format ‘%c’ expects argument of type ‘char *’, but argument 2 has type ‘char (*)[30]’ [-Werror=format=]
   72 |     scanf("%30c", &p->nombre);
      |            ~~~^   ~~~~~~~~~~
      |               |   |
      |               |   char (*)[30]
      |               char *
exercises.c:73:28: error: expected expression before ‘Persona’
   73 |     p->rut=scanf("%c[11]",&Persona.rut);
      |                            ^~~~~~~
exercises.c:74:25: error: expected expression before ‘Persona’
   74 |     p->edad=scanf("%i",&Persona.edad);
      |                         ^~~~~~~
exercises.c:72:5: error: ignoring return value of ‘scanf’ declared with attribute ‘warn_unused_result’ [-Werror=unused-result]
   72 |     scanf("%30c", &p->nombre);
      |     ^~~~~~~~~~~~~~~~~~~~~~~~~
cc1: all warnings being treated as errors
Compilation failed
f9a011c
Wed 15 Mar 2023 11:49:36 PM UTC: 
 exercises.c | 4 ++--
 1 file changed, 2 insertions(+), 2 deletions(-)
In file included from test.c:5:
exercises.c: In function ‘crearPersona’:
exercises.c:72:15: error: format ‘%c’ expects argument of type ‘char *’, but argument 2 has type ‘char (*)[30]’ [-Werror=format=]
   72 |     scanf("%30c", &p->nombre);
      |            ~~~^   ~~~~~~~~~~
      |               |   |
      |               |   char (*)[30]
      |               char *
exercises.c:72:5: error: ignoring return value of ‘scanf’ declared with attribute ‘warn_unused_result’ [-Werror=unused-result]
   72 |     scanf("%30c", &p->nombre);
      |     ^~~~~~~~~~~~~~~~~~~~~~~~~
cc1: all warnings being treated as errors
Compilation failed
c463d76
Wed 15 Mar 2023 11:52:16 PM UTC: 
 exercises.c | 3 +--
 1 file changed, 1 insertion(+), 2 deletions(-)
In file included from test.c:5:
exercises.c: In function ‘crearPersona’:
exercises.c:72:15: error: format ‘%c’ expects argument of type ‘char *’, but argument 2 has type ‘char (*)[30]’ [-Werror=format=]
   72 |     scanf("%30c", &p->nombre);
      |            ~~~^   ~~~~~~~~~~
      |               |   |
      |               |   char (*)[30]
      |               char *
exercises.c:72:5: error: ignoring return value of ‘scanf’ declared with attribute ‘warn_unused_result’ [-Werror=unused-result]
   72 |     scanf("%30c", &p->nombre);
      |     ^~~~~~~~~~~~~~~~~~~~~~~~~
cc1: all warnings being treated as errors
Compilation failed
307d638
Wed 15 Mar 2023 11:52:39 PM UTC: 
 exercises.c | 2 +-
 1 file changed, 1 insertion(+), 1 deletion(-)
In file included from test.c:5:
exercises.c: In function ‘crearPersona’:
exercises.c:72:23: error: expected identifier before ‘&’ token
   72 |     scanf("%30c", &p->&nombre);
      |                       ^
Compilation failed
071c6aa
Wed 15 Mar 2023 11:52:49 PM UTC: 
 exercises.c | 2 +-
 1 file changed, 1 insertion(+), 1 deletion(-)
In file included from test.c:5:
exercises.c: In function ‘crearPersona’:
exercises.c:72:15: error: format ‘%c’ expects argument of type ‘char *’, but argument 2 has type ‘char (*)[30]’ [-Werror=format=]
   72 |     scanf("%30c", &p->nombre);
      |            ~~~^   ~~~~~~~~~~
      |               |   |
      |               |   char (*)[30]
      |               char *
exercises.c:72:5: error: ignoring return value of ‘scanf’ declared with attribute ‘warn_unused_result’ [-Werror=unused-result]
   72 |     scanf("%30c", &p->nombre);
      |     ^~~~~~~~~~~~~~~~~~~~~~~~~
cc1: all warnings being treated as errors
Compilation failed
bb6d5e6
Wed 15 Mar 2023 11:53:01 PM UTC: 
 exercises.c | 2 +-
 1 file changed, 1 insertion(+), 1 deletion(-)
In file included from test.c:5:
exercises.c: In function ‘crearPersona’:
exercises.c:72:15: error: format ‘%c’ expects argument of type ‘char *’, but argument 2 has type ‘char (*)[30]’ [-Werror=format=]
   72 |     scanf("%30c*", &p->nombre);
      |            ~~~^    ~~~~~~~~~~
      |               |    |
      |               |    char (*)[30]
      |               char *
exercises.c:72:5: error: ignoring return value of ‘scanf’ declared with attribute ‘warn_unused_result’ [-Werror=unused-result]
   72 |     scanf("%30c*", &p->nombre);
      |     ^~~~~~~~~~~~~~~~~~~~~~~~~~
cc1: all warnings being treated as errors
Compilation failed
1c5e21e
Wed 15 Mar 2023 11:57:35 PM UTC: 
 exercises.c | 2 +-
 1 file changed, 1 insertion(+), 1 deletion(-)
In file included from test.c:5:
exercises.c: In function ‘crearPersona’:
exercises.c:72:15: error: unknown conversion type character ‘*’ in format [-Werror=format=]
   72 |     scanf("%30*c", &p->nombre);
      |               ^
exercises.c:72:11: error: too many arguments for format [-Werror=format-extra-args]
   72 |     scanf("%30*c", &p->nombre);
      |           ^~~~~~~
exercises.c:72:5: error: ignoring return value of ‘scanf’ declared with attribute ‘warn_unused_result’ [-Werror=unused-result]
   72 |     scanf("%30*c", &p->nombre);
      |     ^~~~~~~~~~~~~~~~~~~~~~~~~~
cc1: all warnings being treated as errors
Compilation failed
622e253
Thu 16 Mar 2023 12:50:18 AM UTC: 
 exercises.c | 1 +
 1 file changed, 1 insertion(+)
In file included from test.c:5:
exercises.c: In function ‘crearPersona’:
exercises.c:72:15: error: unknown conversion type character ‘*’ in format [-Werror=format=]
   72 |     scanf("%30*c", &p->nombre);
      |               ^
exercises.c:72:11: error: too many arguments for format [-Werror=format-extra-args]
   72 |     scanf("%30*c", &p->nombre);
      |           ^~~~~~~
exercises.c:72:5: error: ignoring return value of ‘scanf’ declared with attribute ‘warn_unused_result’ [-Werror=unused-result]
   72 |     scanf("%30*c", &p->nombre);
      |     ^~~~~~~~~~~~~~~~~~~~~~~~~~
cc1: all warnings being treated as errors
Compilation failed
2a0d04d
Thu 16 Mar 2023 12:51:35 AM UTC: 
 exercises.c | 4 ++--
 1 file changed, 2 insertions(+), 2 deletions(-)
In file included from test.c:5:
exercises.c: In function ‘crearPersona’:
exercises.c:72:15: error: format ‘%[^
   ’ expects argument of type ‘char *’, but argument 2 has type ‘char (*)[30]’ [-Werror=format=]
   72 |     scanf("%[^\n]*c", &p->nombre);
      |            ~~~^~      ~~~~~~~~~~
      |               |       |
      |               char *  char (*)[30]
exercises.c:72:5: error: ignoring return value of ‘scanf’ declared with attribute ‘warn_unused_result’ [-Werror=unused-result]
   72 |     scanf("%[^\n]*c", &p->nombre);
      |     ^~~~~~~~~~~~~~~~~~~~~~~~~~~~~
cc1: all warnings being treated as errors
Compilation failed
b65e3d3
Thu 16 Mar 2023 12:51:47 AM UTC: 
 exercises.c | 2 +-
 1 file changed, 1 insertion(+), 1 deletion(-)
In file included from test.c:5:
exercises.c: In function ‘crearPersona’:
exercises.c:72:11: error: too many arguments for format [-Werror=format-extra-args]
   72 |     scanf("%*c", &p->nombre);
      |           ^~~~~
exercises.c:72:5: error: ignoring return value of ‘scanf’ declared with attribute ‘warn_unused_result’ [-Werror=unused-result]
   72 |     scanf("%*c", &p->nombre);
      |     ^~~~~~~~~~~~~~~~~~~~~~~~
cc1: all warnings being treated as errors
Compilation failed
95365c3
Thu 16 Mar 2023 12:51:56 AM UTC: 
 exercises.c | 2 +-
 1 file changed, 1 insertion(+), 1 deletion(-)
In file included from test.c:5:
exercises.c: In function ‘crearPersona’:
exercises.c:72:13: error: format ‘%c’ expects argument of type ‘char *’, but argument 2 has type ‘char (*)[30]’ [-Werror=format=]
   72 |     scanf("%c", &p->nombre);
      |            ~^   ~~~~~~~~~~
      |             |   |
      |             |   char (*)[30]
      |             char *
exercises.c:72:5: error: ignoring return value of ‘scanf’ declared with attribute ‘warn_unused_result’ [-Werror=unused-result]
   72 |     scanf("%c", &p->nombre);
      |     ^~~~~~~~~~~~~~~~~~~~~~~
cc1: all warnings being treated as errors
Compilation failed
4dc9a94
Thu 16 Mar 2023 03:28:06 PM UTC: 
 exercises.c | 3 ++-
 1 file changed, 2 insertions(+), 1 deletion(-)
In file included from test.c:5:
exercises.c: In function ‘crearPersona’:
exercises.c:72:13: error: format ‘%c’ expects argument of type ‘char *’, but argument 2 has type ‘char (*)[30]’ [-Werror=format=]
   72 |     scanf("%c", &p->nombre);
      |            ~^   ~~~~~~~~~~
      |             |   |
      |             |   char (*)[30]
      |             char *
exercises.c:73:12: error: format ‘%c’ expects argument of type ‘char *’, but argument 2 has type ‘char (*)[11]’ [-Werror=format=]
   73 |    scanf("%c", &p->rut);
      |           ~^   ~~~~~~~
      |            |   |
      |            |   char (*)[11]
      |            char *
exercises.c:72:5: error: ignoring return value of ‘scanf’ declared with attribute ‘warn_unused_result’ [-Werror=unused-result]
   72 |     scanf("%c", &p->nombre);
      |     ^~~~~~~~~~~~~~~~~~~~~~~
exercises.c:73:4: error: ignoring return value of ‘scanf’ declared with attribute ‘warn_unused_result’ [-Werror=unused-result]
   73 |    scanf("%c", &p->rut);
      |    ^~~~~~~~~~~~~~~~~~~~
exercises.c:74:3: error: ignoring return value of ‘scanf’ declared with attribute ‘warn_unused_result’ [-Werror=unused-result]
   74 |   scanf("%i", &p->edad);
      |   ^~~~~~~~~~~~~~~~~~~~~
cc1: all warnings being treated as errors
Compilation failed
c4d77f5
Thu 16 Mar 2023 03:28:15 PM UTC: 
 exercises.c | 4 ++--
 1 file changed, 2 insertions(+), 2 deletions(-)
In file included from test.c:5:
exercises.c: In function ‘crearPersona’:
exercises.c:72:13: error: format ‘%c’ expects argument of type ‘char *’, but argument 2 has type ‘char (*)[30]’ [-Werror=format=]
   72 |     scanf("%c", &p->nombre);
      |            ~^   ~~~~~~~~~~
      |             |   |
      |             |   char (*)[30]
      |             char *
exercises.c:72:5: error: ignoring return value of ‘scanf’ declared with attribute ‘warn_unused_result’ [-Werror=unused-result]
   72 |     scanf("%c", &p->nombre);
      |     ^~~~~~~~~~~~~~~~~~~~~~~
cc1: all warnings being treated as errors
Compilation failed
73e9ca0
Thu 16 Mar 2023 03:29:34 PM UTC: 
 exercises.c | 2 +-
 1 file changed, 1 insertion(+), 1 deletion(-)
In file included from test.c:5:
exercises.c: In function ‘crearPersona’:
exercises.c:72:15: error: format ‘%[30’ expects argument of type ‘char *’, but argument 2 has type ‘char (*)[30]’ [-Werror=format=]
   72 |     scanf("%[30]c", &p->nombre);
      |            ~~~^     ~~~~~~~~~~
      |               |     |
      |               |     char (*)[30]
      |               char *
exercises.c:72:5: error: ignoring return value of ‘scanf’ declared with attribute ‘warn_unused_result’ [-Werror=unused-result]
   72 |     scanf("%[30]c", &p->nombre);
      |     ^~~~~~~~~~~~~~~~~~~~~~~~~~~
cc1: all warnings being treated as errors
Compilation failed
7ae08a8
Thu 16 Mar 2023 03:29:46 PM UTC: 
 exercises.c | 2 +-
 1 file changed, 1 insertion(+), 1 deletion(-)
In file included from test.c:5:
exercises.c: In function ‘crearPersona’:
exercises.c:72:15: error: format ‘%c’ expects argument of type ‘char *’, but argument 2 has type ‘char (*)[30]’ [-Werror=format=]
   72 |     scanf("%30c", &p->nombre);
      |            ~~~^   ~~~~~~~~~~
      |               |   |
      |               |   char (*)[30]
      |               char *
exercises.c:72:5: error: ignoring return value of ‘scanf’ declared with attribute ‘warn_unused_result’ [-Werror=unused-result]
   72 |     scanf("%30c", &p->nombre);
      |     ^~~~~~~~~~~~~~~~~~~~~~~~~
cc1: all warnings being treated as errors
Compilation failed
e2bf1a4
Thu 16 Mar 2023 03:33:30 PM UTC: 
 exercises.c | 4 +---
 1 file changed, 1 insertion(+), 3 deletions(-)
In file included from test.c:5:
exercises.c: In function ‘crearPersona’:
exercises.c:72:15: error: too few arguments to function ‘strcpy’
   72 |     p->nombre=strcpy(nombre);
      |               ^~~~~~
In file included from /nix/store/iwd8ic5hhwdxn5dga0im55g5hjl270cd-glibc-2.33-47-dev/include/features.h:473,
                 from /nix/store/iwd8ic5hhwdxn5dga0im55g5hjl270cd-glibc-2.33-47-dev/include/bits/libc-header-start.h:33,
                 from /nix/store/iwd8ic5hhwdxn5dga0im55g5hjl270cd-glibc-2.33-47-dev/include/stdio.h:27,
                 from test.c:1:
/nix/store/iwd8ic5hhwdxn5dga0im55g5hjl270cd-glibc-2.33-47-dev/include/bits/string_fortified.h:77:1: note: declared here
   77 | __NTH (strcpy (char *__restrict __dest, const char *__restrict __src))
      | ^~~~~
Compilation failed
0f31f62
Thu 16 Mar 2023 03:33:47 PM UTC: 
 exercises.c | 2 +-
 1 file changed, 1 insertion(+), 1 deletion(-)
 tests:  2|5
total_score: 20/70
ef51725
Thu 16 Mar 2023 03:34:19 PM UTC: 
 exercises.c | 2 ++
 1 file changed, 2 insertions(+)
 tests:  0|0
526c7ef
Thu 16 Mar 2023 03:34:49 PM UTC: 
 exercises.c | 2 +-
 1 file changed, 1 insertion(+), 1 deletion(-)
 tests:  0|0
281c4ad
Thu 16 Mar 2023 03:35:10 PM UTC: 
 exercises.c | 2 +-
 1 file changed, 1 insertion(+), 1 deletion(-)
 tests:  2|5
total_score: 20/70
1329ace
Thu 16 Mar 2023 03:36:01 PM UTC: 
 exercises.c | 2 +-
 1 file changed, 1 insertion(+), 1 deletion(-)
 tests:  0|0
c8070b3
Thu 16 Mar 2023 03:36:21 PM UTC: 
 exercises.c | 2 +-
 1 file changed, 1 insertion(+), 1 deletion(-)
 tests:  0|0
b9421f9
Thu 16 Mar 2023 03:36:31 PM UTC: 
 exercises.c | 4 ++--
 1 file changed, 2 insertions(+), 2 deletions(-)
 tests:  2|5
total_score: 20/70
a51a703
Thu 16 Mar 2023 03:37:52 PM UTC: 
 exercises.c | 3 ++-
 1 file changed, 2 insertions(+), 1 deletion(-)
 tests:  0|0
b33653c
Thu 16 Mar 2023 03:38:37 PM UTC: 
 exercises.c | 4 ++--
 1 file changed, 2 insertions(+), 2 deletions(-)
 tests:  2|5
total_score: 20/70
b84490f
Thu 16 Mar 2023 03:38:46 PM UTC: 
 exercises.c | 2 +-
 1 file changed, 1 insertion(+), 1 deletion(-)
 tests:  3|4
total_score: 30/70
46a82d8
Thu 16 Mar 2023 03:42:40 PM UTC: 
 exercises.c | 9 ++++++++-
 1 file changed, 8 insertions(+), 1 deletion(-)
In file included from /nix/store/iwd8ic5hhwdxn5dga0im55g5hjl270cd-glibc-2.33-47-dev/include/time.h:29,
                 from test.c:4:
exercises.c: In function ‘crearVector’:
exercises.c:96:21: error: invalid initializer
   96 |   Vector vector[] = NULL;
      |                     ^~~~
In file included from test.c:5:
exercises.c:100:28: error: invalid type argument of ‘->’ (have ‘Vector’)
  100 |       scanf("%d", vector[i]->datos);
      |                            ^~
exercises.c:100:28: error: request for member ‘datos’ in something not a structure or union
exercises.c:100:15: error: format ‘%d’ expects argument of type ‘int *’, but argument 2 has type ‘Vector *’ [-Werror=format=]
  100 |       scanf("%d", vector[i]->datos);
      |              ~^   ~~~~~~~~~~~~~~~~
      |               |   |
      |               |   Vector *
      |               int *
exercises.c:102:10: error: function returns address of local variable [-Werror=return-local-addr]
  102 |   return vector;
      |          ^~~~~~
exercises.c:95:7: error: unused variable ‘dato’ [-Werror=unused-variable]
   95 |   int dato;
      |       ^~~~
cc1: all warnings being treated as errors
Compilation failed
d293043
Thu 16 Mar 2023 03:42:50 PM UTC: 
 exercises.c | 2 +-
 1 file changed, 1 insertion(+), 1 deletion(-)
In file included from /nix/store/iwd8ic5hhwdxn5dga0im55g5hjl270cd-glibc-2.33-47-dev/include/time.h:29,
                 from test.c:4:
exercises.c: In function ‘crearVector’:
exercises.c:96:21: error: invalid initializer
   96 |   Vector vector[] = NULL;
      |                     ^~~~
In file included from test.c:5:
exercises.c:102:10: error: function returns address of local variable [-Werror=return-local-addr]
  102 |   return vector;
      |          ^~~~~~
exercises.c:95:7: error: unused variable ‘dato’ [-Werror=unused-variable]
   95 |   int dato;
      |       ^~~~
exercises.c:100:7: error: ignoring return value of ‘scanf’ declared with attribute ‘warn_unused_result’ [-Werror=unused-result]
  100 |       scanf("%d", vector[i].datos);
      |       ^~~~~~~~~~~~~~~~~~~~~~~~~~~~
cc1: all warnings being treated as errors
Compilation failed
360423d
Thu 16 Mar 2023 03:43:01 PM UTC: 
 exercises.c | 2 +-
 1 file changed, 1 insertion(+), 1 deletion(-)
In file included from test.c:5:
exercises.c: In function ‘crearVector’:
exercises.c:96:10: error: array size missing in ‘vector’
   96 |   Vector vector[];
      |          ^~~~~~
exercises.c:102:10: error: function returns address of local variable [-Werror=return-local-addr]
  102 |   return vector;
      |          ^~~~~~
exercises.c:95:7: error: unused variable ‘dato’ [-Werror=unused-variable]
   95 |   int dato;
      |       ^~~~
exercises.c:100:7: error: ignoring return value of ‘scanf’ declared with attribute ‘warn_unused_result’ [-Werror=unused-result]
  100 |       scanf("%d", vector[i].datos);
      |       ^~~~~~~~~~~~~~~~~~~~~~~~~~~~
cc1: all warnings being treated as errors
Compilation failed
ae8c415
Thu 16 Mar 2023 03:43:18 PM UTC: 
 exercises.c | 2 +-
 1 file changed, 1 insertion(+), 1 deletion(-)
In file included from test.c:5:
exercises.c: In function ‘crearVector’:
exercises.c:95:7: error: unused variable ‘dato’ [-Werror=unused-variable]
   95 |   int dato;
      |       ^~~~
exercises.c:100:7: error: ignoring return value of ‘scanf’ declared with attribute ‘warn_unused_result’ [-Werror=unused-result]
  100 |       scanf("%d", vector[i].datos);
      |       ^~~~~~~~~~~~~~~~~~~~~~~~~~~~
cc1: all warnings being treated as errors
Compilation failed
d2e139d
Thu 16 Mar 2023 03:43:29 PM UTC: 
 exercises.c | 2 +-
 1 file changed, 1 insertion(+), 1 deletion(-)
In file included from test.c:5:
exercises.c: In function ‘crearVector’:
exercises.c:100:7: error: ignoring return value of ‘scanf’ declared with attribute ‘warn_unused_result’ [-Werror=unused-result]
  100 |       scanf("%d", vector[i].datos);
      |       ^~~~~~~~~~~~~~~~~~~~~~~~~~~~
cc1: all warnings being treated as errors
Compilation failed
283ea26
Thu 16 Mar 2023 03:43:47 PM UTC: 
 exercises.c | 2 +-
 1 file changed, 1 insertion(+), 1 deletion(-)
In file included from test.c:5:
exercises.c: In function ‘crearVector’:
exercises.c:100:15: error: format ‘%d’ expects argument of type ‘int *’, but argument 2 has type ‘int **’ [-Werror=format=]
  100 |       scanf("%d", &vector[i].datos);
      |              ~^   ~~~~~~~~~~~~~~~~
      |               |   |
      |               |   int **
      |               int *
exercises.c:100:7: error: ignoring return value of ‘scanf’ declared with attribute ‘warn_unused_result’ [-Werror=unused-result]
  100 |       scanf("%d", &vector[i].datos);
      |       ^~~~~~~~~~~~~~~~~~~~~~~~~~~~~
cc1: all warnings being treated as errors
Compilation failed
1fd5af5
Thu 16 Mar 2023 03:43:58 PM UTC: 
 exercises.c | 2 +-
 1 file changed, 1 insertion(+), 1 deletion(-)
In file included from test.c:5:
exercises.c: In function ‘crearVector’:
exercises.c:100:29: error: invalid type argument of ‘->’ (have ‘Vector’)
  100 |       scanf("%d", &vector[i]->datos);
      |                             ^~
Compilation failed
c084605
Thu 16 Mar 2023 03:44:10 PM UTC: 
 exercises.c | 2 +-
 1 file changed, 1 insertion(+), 1 deletion(-)
In file included from test.c:5:
exercises.c: In function ‘crearVector’:
exercises.c:100:15: error: format ‘%d’ expects argument of type ‘int *’, but argument 2 has type ‘int **’ [-Werror=format=]
  100 |       scanf("%d", &vector[i].datos);
      |              ~^   ~~~~~~~~~~~~~~~~
      |               |   |
      |               |   int **
      |               int *
exercises.c:100:7: error: ignoring return value of ‘scanf’ declared with attribute ‘warn_unused_result’ [-Werror=unused-result]
  100 |       scanf("%d", &vector[i].datos);
      |       ^~~~~~~~~~~~~~~~~~~~~~~~~~~~~
cc1: all warnings being treated as errors
Compilation failed
cd7adac
Thu 16 Mar 2023 03:44:18 PM UTC: 
 exercises.c | 2 +-
 1 file changed, 1 insertion(+), 1 deletion(-)
In file included from test.c:5:
exercises.c: In function ‘crearVector’:
exercises.c:100:15: error: format ‘%i’ expects argument of type ‘int *’, but argument 2 has type ‘int **’ [-Werror=format=]
  100 |       scanf("%i", &vector[i].datos);
      |              ~^   ~~~~~~~~~~~~~~~~
      |               |   |
      |               |   int **
      |               int *
exercises.c:100:7: error: ignoring return value of ‘scanf’ declared with attribute ‘warn_unused_result’ [-Werror=unused-result]
  100 |       scanf("%i", &vector[i].datos);
      |       ^~~~~~~~~~~~~~~~~~~~~~~~~~~~~
cc1: all warnings being treated as errors
Compilation failed
30b792a
Thu 16 Mar 2023 03:44:47 PM UTC: 
 exercises.c | 2 +-
 1 file changed, 1 insertion(+), 1 deletion(-)
In file included from test.c:5:
exercises.c: In function ‘crearVector’:
exercises.c:100:15: error: format ‘%i’ expects argument of type ‘int *’, but argument 2 has type ‘int **’ [-Werror=format=]
  100 |       scanf("%i", &vector[i].datos);
      |              ~^   ~~~~~~~~~~~~~~~~
      |               |   |
      |               |   int **
      |               int *
exercises.c:102:10: error: returning ‘Vector **’ from a function with incompatible return type ‘Vector *’ [-Werror=incompatible-pointer-types]
  102 |   return vector;
      |          ^~~~~~
exercises.c:102:10: error: function returns address of local variable [-Werror=return-local-addr]
exercises.c:100:7: error: ignoring return value of ‘scanf’ declared with attribute ‘warn_unused_result’ [-Werror=unused-result]
  100 |       scanf("%i", &vector[i].datos);
      |       ^~~~~~~~~~~~~~~~~~~~~~~~~~~~~
cc1: all warnings being treated as errors
Compilation failed
8c9fc30
Thu 16 Mar 2023 03:45:07 PM UTC: 
 exercises.c | 2 +-
 1 file changed, 1 insertion(+), 1 deletion(-)
In file included from test.c:5:
exercises.c: In function ‘crearVector’:
exercises.c:100:15: error: format ‘%i’ expects argument of type ‘int *’, but argument 2 has type ‘int **’ [-Werror=format=]
  100 |       scanf("%i", &vector[i].datos);
      |              ~^   ~~~~~~~~~~~~~~~~
      |               |   |
      |               |   int **
      |               int *
exercises.c:102:10: error: function returns address of local variable [-Werror=return-local-addr]
  102 |   return vector;
      |          ^~~~~~
exercises.c:100:7: error: ignoring return value of ‘scanf’ declared with attribute ‘warn_unused_result’ [-Werror=unused-result]
  100 |       scanf("%i", &vector[i].datos);
      |       ^~~~~~~~~~~~~~~~~~~~~~~~~~~~~
cc1: all warnings being treated as errors
Compilation failed
7c95993
Thu 16 Mar 2023 03:45:46 PM UTC: 
 exercises.c | 2 +-
 1 file changed, 1 insertion(+), 1 deletion(-)
In file included from test.c:5:
exercises.c: In function ‘crearVector’:
exercises.c:102:10: error: function returns address of local variable [-Werror=return-local-addr]
  102 |   return vector;
      |          ^~~~~~
cc1: all warnings being treated as errors
Compilation failed
5c13931
Thu 16 Mar 2023 03:45:58 PM UTC: 
 exercises.c | 2 +-
 1 file changed, 1 insertion(+), 1 deletion(-)
In file included from test.c:5:
exercises.c: In function ‘crearVector’:
exercises.c:102:10: error: incompatible types when returning type ‘Vector’ but ‘Vector *’ was expected
  102 |   return *vector;
      |          ^~~~~~~
exercises.c:103:1: error: control reaches end of non-void function [-Werror=return-type]
  103 | }
      | ^
cc1: all warnings being treated as errors
Compilation failed
17c30a7
Thu 16 Mar 2023 03:47:05 PM UTC: 
 exercises.c | 2 +-
 1 file changed, 1 insertion(+), 1 deletion(-)
In file included from test.c:5:
exercises.c: In function ‘crearVector’:
exercises.c:102:17: error: expected expression before ‘;’ token
  102 |   return vector*;
      |                 ^
exercises.c:103:1: error: control reaches end of non-void function [-Werror=return-type]
  103 | }
      | ^
cc1: all warnings being treated as errors
Compilation failed
59bb195
Thu 16 Mar 2023 03:47:22 PM UTC: 
 exercises.c | 2 +-
 1 file changed, 1 insertion(+), 1 deletion(-)
In file included from test.c:5:
exercises.c: In function ‘crearVector’:
exercises.c:102:17: error: expected expression before ‘[’ token
  102 |   return vector*[n];
      |                 ^
exercises.c:103:1: error: control reaches end of non-void function [-Werror=return-type]
  103 | }
      | ^
cc1: all warnings being treated as errors
Compilation failed
533f8a3
Thu 16 Mar 2023 03:47:42 PM UTC: 
 exercises.c | 5 +++--
 1 file changed, 3 insertions(+), 2 deletions(-)
 tests:  3|4
total_score: 30/70
256a370
Thu 16 Mar 2023 03:48:41 PM UTC: 
 exercises.c | 6 +++---
 1 file changed, 3 insertions(+), 3 deletions(-)
In file included from test.c:5:
exercises.c: In function ‘crearVector’:
exercises.c:102:10: error: function returns address of local variable [-Werror=return-local-addr]
  102 |   return vector;
      |          ^~~~~~
cc1: all warnings being treated as errors
Compilation failed
5962656
Thu 16 Mar 2023 03:50:21 PM UTC: 
 exercises.c | 8 ++++----
 1 file changed, 4 insertions(+), 4 deletions(-)
In file included from test.c:5:
exercises.c: In function ‘crearVector’:
exercises.c:99:29: error: initialization of ‘Vector **’ from incompatible pointer type ‘Vector *’ [-Werror=incompatible-pointer-types]
   99 |       Vector * *ptrvector = (Vector *) malloc(sizeof(Vector));
      |                             ^
cc1: all warnings being treated as errors
Compilation failed
c3ccc8b
Thu 16 Mar 2023 03:50:34 PM UTC: 
 exercises.c | 2 +-
 1 file changed, 1 insertion(+), 1 deletion(-)
 tests:  0|0
49d25a2
Thu 16 Mar 2023 03:53:04 PM UTC: 
 exercises.c | 7 ++++---
 1 file changed, 4 insertions(+), 3 deletions(-)
In file included from test.c:5:
exercises.c: In function ‘crearVector’:
exercises.c:103:10: error: incompatible types when returning type ‘Vector’ but ‘Vector *’ was expected
  103 |   return *ptrvector;
      |          ^~~~~~~~~~
exercises.c:105:1: error: control reaches end of non-void function [-Werror=return-type]
  105 | }
      | ^
cc1: all warnings being treated as errors
Compilation failed
59a3eb0
Thu 16 Mar 2023 03:53:24 PM UTC: 
 exercises.c | 4 ++--
 1 file changed, 2 insertions(+), 2 deletions(-)
In file included from test.c:5:
exercises.c: In function ‘crearVector’:
exercises.c:103:10: error: function returns address of local variable [-Werror=return-local-addr]
  103 |   return vector;
      |          ^~~~~~
cc1: all warnings being treated as errors
Compilation failed
cb4c3ac
Thu 16 Mar 2023 04:01:50 PM UTC: 
 exercises.c | 4 ++--
 1 file changed, 2 insertions(+), 2 deletions(-)
In file included from test.c:5:
exercises.c: In function ‘crearVector’:
exercises.c:100:13: error: ‘vector’ is a pointer; did you mean to use ‘->’?
  100 |       vector.datos=(Vector *)calloc(n,sizeof(vector));
      |             ^
      |             ->
exercises.c:103:10: error: function returns address of local variable [-Werror=return-local-addr]
  103 |   return vector;
      |          ^~~~~~
cc1: all warnings being treated as errors
Compilation failed
3bcdeb0
Thu 16 Mar 2023 04:01:57 PM UTC: 
 exercises.c | 2 +-
 1 file changed, 1 insertion(+), 1 deletion(-)
In file included from test.c:5:
exercises.c: In function ‘crearVector’:
exercises.c:100:20: error: assignment to ‘int *’ from incompatible pointer type ‘Vector *’ [-Werror=incompatible-pointer-types]
  100 |       vector->datos=(Vector *)calloc(n,sizeof(vector));
      |                    ^
exercises.c:103:10: error: function returns address of local variable [-Werror=return-local-addr]
  103 |   return vector;
      |          ^~~~~~
cc1: all warnings being treated as errors
Compilation failed
af44bdf
Thu 16 Mar 2023 04:02:26 PM UTC: 
 exercises.c | 2 +-
 1 file changed, 1 insertion(+), 1 deletion(-)
In file included from test.c:5:
exercises.c: In function ‘crearVector’:
exercises.c:100:16: error: invalid type argument of ‘->’ (have ‘Vector’)
  100 |       vector[i]->datos=(Vector *)calloc(n,sizeof(vector));
      |                ^~
exercises.c:103:10: error: function returns address of local variable [-Werror=return-local-addr]
  103 |   return vector;
      |          ^~~~~~
cc1: all warnings being treated as errors
Compilation failed
2a12f17
Thu 16 Mar 2023 04:02:35 PM UTC: 
 exercises.c | 2 +-
 1 file changed, 1 insertion(+), 1 deletion(-)
In file included from test.c:5:
exercises.c: In function ‘crearVector’:
exercises.c:100:22: error: assignment to ‘int *’ from incompatible pointer type ‘Vector *’ [-Werror=incompatible-pointer-types]
  100 |       vector[i].datos=(Vector *)calloc(n,sizeof(vector));
      |                      ^
exercises.c:103:10: error: function returns address of local variable [-Werror=return-local-addr]
  103 |   return vector;
      |          ^~~~~~
cc1: all warnings being treated as errors
Compilation failed
7e302fa
Thu 16 Mar 2023 04:09:22 PM UTC: 
 exercises.c | 6 +++---
 1 file changed, 3 insertions(+), 3 deletions(-)
 tests:  3|4
total_score: 30/70
c45a060
Thu 16 Mar 2023 04:10:13 PM UTC: 
 exercises.c | 2 +-
 1 file changed, 1 insertion(+), 1 deletion(-)
In file included from test.c:5:
exercises.c: In function ‘asignarValor’:
exercises.c:113:8: error: incompatible types when assigning to type ‘Vector’ from type ‘int’
  113 |   v[i]=valor;
      |        ^~~~~
Compilation failed
390fae6
Thu 16 Mar 2023 04:11:44 PM UTC: 
 exercises.c | 2 +-
 1 file changed, 1 insertion(+), 1 deletion(-)
 tests:  3|4
total_score: 30/70
26cb1e5
Thu 16 Mar 2023 04:30:03 PM UTC: 
 exercises.c | 13 ++++---------
 1 file changed, 4 insertions(+), 9 deletions(-)
In file included from test.c:5:
exercises.c: In function ‘crearVector’:
exercises.c:97:24: error: too many arguments to function ‘calloc’
   97 |   v->datos = (Vector *)calloc(n, sizeof(int),n);
      |                        ^~~~~~
In file included from test.c:2:
/nix/store/iwd8ic5hhwdxn5dga0im55g5hjl270cd-glibc-2.33-47-dev/include/stdlib.h:542:14: note: declared here
  542 | extern void *calloc (size_t __nmemb, size_t __size)
      |              ^~~~~~
In file included from test.c:5:
exercises.c:97:12: error: assignment to ‘int *’ from incompatible pointer type ‘Vector *’ [-Werror=incompatible-pointer-types]
   97 |   v->datos = (Vector *)calloc(n, sizeof(int),n);
      |            ^
cc1: all warnings being treated as errors
Compilation failed
62b7cb1
Thu 16 Mar 2023 04:30:13 PM UTC: 
 exercises.c | 2 +-
 1 file changed, 1 insertion(+), 1 deletion(-)
In file included from test.c:5:
exercises.c: In function ‘crearVector’:
exercises.c:97:12: error: assignment to ‘int *’ from incompatible pointer type ‘Vector *’ [-Werror=incompatible-pointer-types]
   97 |   v->datos = (Vector *)calloc(n, sizeof(int));
      |            ^
cc1: all warnings being treated as errors
Compilation failed
e49ef29
Thu 16 Mar 2023 04:30:50 PM UTC: 
 exercises.c | 2 +-
 1 file changed, 1 insertion(+), 1 deletion(-)
 tests:  4|3
total_score: 40/70
ac049d3
